c:\users\jiangxinhou01\desktop\7z\sdk\c\util\lzmalib\debug\vc120.pdb
c:\users\jiangxinhou01\desktop\7z\sdk\c\util\lzmalib\debug\vc120.idb
c:\users\jiangxinhou01\desktop\7z\sdk\c\util\lzmalib\debug\lzmalibexports.obj
c:\users\jiangxinhou01\desktop\7z\sdk\c\util\lzmalib\debug\alloc.obj
c:\users\jiangxinhou01\desktop\7z\sdk\c\util\lzmalib\debug\lzfind.obj
c:\users\jiangxinhou01\desktop\7z\sdk\c\util\lzmalib\debug\lzfindmt.obj
c:\users\jiangxinhou01\desktop\7z\sdk\c\util\lzmalib\debug\lzmadec.obj
c:\users\jiangxinhou01\desktop\7z\sdk\c\util\lzmalib\debug\lzmaenc.obj
c:\users\jiangxinhou01\desktop\7z\sdk\c\util\lzmalib\debug\lzmalib.obj
c:\users\jiangxinhou01\desktop\7z\sdk\c\util\lzmalib\debug\threads.obj
c:\users\jiangxinhou01\desktop\7z\sdk\c\util\lzmalib\debug\lzma.lib
c:\users\jiangxinhou01\desktop\7z\sdk\c\util\lzmalib\debug\lzma.exp
c:\users\jiangxinhou01\desktop\7z\sdk\c\util\lzmalib\debug\resource.res
c:\users\jiangxinhou01\desktop\7z\sdk\c\util\lzmalib\debug\lzmalib.tlog\cl.command.1.tlog
c:\users\jiangxinhou01\desktop\7z\sdk\c\util\lzmalib\debug\lzmalib.tlog\cl.read.1.tlog
c:\users\jiangxinhou01\desktop\7z\sdk\c\util\lzmalib\debug\lzmalib.tlog\cl.write.1.tlog
c:\users\jiangxinhou01\desktop\7z\sdk\c\util\lzmalib\debug\lzmalib.tlog\link.command.1.tlog
c:\users\jiangxinhou01\desktop\7z\sdk\c\util\lzmalib\debug\lzmalib.tlog\link.read.1.tlog
c:\users\jiangxinhou01\desktop\7z\sdk\c\util\lzmalib\debug\lzmalib.tlog\link.write.1.tlog
c:\users\jiangxinhou01\desktop\7z\sdk\c\util\lzmalib\debug\lzmalib.tlog\lzmalib.write.1u.tlog
c:\users\jiangxinhou01\desktop\7z\sdk\c\util\lzmalib\debug\lzmalib.tlog\rc.command.1.tlog
c:\users\jiangxinhou01\desktop\7z\sdk\c\util\lzmalib\debug\lzmalib.tlog\rc.read.1.tlog
c:\users\jiangxinhou01\desktop\7z\sdk\c\util\lzmalib\debug\lzmalib.tlog\rc.write.1.tlog
